2019-03-09 14:43:35 [wysh.selenium.util.LogsInit] - [ main:0 ] - [ FATAL ] this is fatal!
2019-03-09 14:43:35 [wysh.selenium.util.LogsInit] - [ main:7 ] - [ ERROR ] this is error!
2019-03-09 15:19:11 [wysh.selenium.testcase.TestLoginExcel] - [ main:0 ] - [ ERROR ] username is :admin
2019-03-09 15:19:11 [wysh.selenium.testcase.TestLoginExcel] - [ main:10 ] - [ ERROR ] password is :Aa1234
2019-03-09 15:19:29 [wysh.selenium.testcase.TestLoginExcel] - [ main:18515 ] - [ ERROR ] username is :admin1
2019-03-09 15:19:29 [wysh.selenium.testcase.TestLoginExcel] - [ main:18515 ] - [ ERROR ] password is :Bb1234
2019-03-09 15:19:41 [wysh.selenium.testcase.TestLoginExcel] - [ main:30561 ] - [ ERROR ] username is :user3
2019-03-09 15:19:41 [wysh.selenium.testcase.TestLoginExcel] - [ main:30562 ] - [ ERROR ] password is :Cc1234
2019-03-09 15:19:52 [wysh.selenium.testcase.TestLoginExcel] - [ main:41111 ] - [ ERROR ] username is :user4
2019-03-09 15:19:52 [wysh.selenium.testcase.TestLoginExcel] - [ main:41120 ] - [ ERROR ] password is :Dd1234
2019-03-09 15:20:00 [wysh.selenium.testcase.TestLoginExcel] - [ main:48956 ] - [ ERROR ] username is :user5
2019-03-09 15:20:00 [wysh.selenium.testcase.TestLoginExcel] - [ main:48956 ] - [ ERROR ] password is :Ee1234
2019-03-09 15:20:08 [wysh.selenium.testcase.TestLoginExcel] - [ main:57128 ] - [ ERROR ] username is :user6
2019-03-09 15:20:08 [wysh.selenium.testcase.TestLoginExcel] - [ main:57133 ] - [ ERROR ] password is :Ff1234
2019-03-09 15:20:16 [wysh.selenium.testcase.TestLoginExcel] - [ main:65376 ] - [ ERROR ] username is :user7
2019-03-09 15:20:16 [wysh.selenium.testcase.TestLoginExcel] - [ main:65377 ] - [ ERROR ] password is :Gg1234
2019-03-09 15:28:06 [wysh.selenium.base.SelectDriver] - [ main:0 ] - [ ERROR ] browser is chrome !!!
2019-03-09 21:13:44 [wysh.selenium.testcase.TestLoginExcel] - [ main:13317 ] - [ ERROR ] username is :admin
2019-03-09 21:13:44 [wysh.selenium.testcase.TestLoginExcel] - [ main:13324 ] - [ ERROR ] password is :Aa1234
2019-03-09 21:13:57 [wysh.selenium.testcase.TestLoginExcel] - [ main:25573 ] - [ ERROR ] username is :admin1
2019-03-09 21:13:57 [wysh.selenium.testcase.TestLoginExcel] - [ main:25574 ] - [ ERROR ] password is :Bb1234
2019-03-09 21:14:08 [wysh.selenium.testcase.TestLoginExcel] - [ main:36799 ] - [ ERROR ] username is :user3
2019-03-09 21:14:08 [wysh.selenium.testcase.TestLoginExcel] - [ main:36800 ] - [ ERROR ] password is :Cc1234
2019-03-09 21:14:19 [wysh.selenium.testcase.TestLoginExcel] - [ main:48129 ] - [ ERROR ] username is :user4
2019-03-09 21:14:19 [wysh.selenium.testcase.TestLoginExcel] - [ main:48130 ] - [ ERROR ] password is :Dd1234
2019-03-09 21:14:30 [wysh.selenium.testcase.TestLoginExcel] - [ main:58544 ] - [ ERROR ] username is :user5
2019-03-09 21:14:30 [wysh.selenium.testcase.TestLoginExcel] - [ main:58553 ] - [ ERROR ] password is :Ee1234
2019-03-09 21:14:38 [wysh.selenium.testcase.TestLoginExcel] - [ main:66593 ] - [ ERROR ] username is :user6
2019-03-09 21:14:38 [wysh.selenium.testcase.TestLoginExcel] - [ main:66593 ] - [ ERROR ] password is :Ff1234
2019-03-09 21:14:49 [wysh.selenium.testcase.TestLoginExcel] - [ main:77550 ] - [ ERROR ] username is :user7
2019-03-09 21:14:49 [wysh.selenium.testcase.TestLoginExcel] - [ main:77551 ] - [ ERROR ] password is :Gg1234
2019-03-09 21:20:43 [wysh.selenium.testcase.TestLoginExcel] - [ main:8835 ] - [ ERROR ] username is :admin
2019-03-09 21:20:43 [wysh.selenium.testcase.TestLoginExcel] - [ main:8835 ] - [ ERROR ] password is :Aa1234
2019-03-09 21:20:56 [wysh.selenium.testcase.TestLoginExcel] - [ main:21687 ] - [ ERROR ] username is :admin1
2019-03-09 21:20:56 [wysh.selenium.testcase.TestLoginExcel] - [ main:21688 ] - [ ERROR ] password is :Bb1234
2019-03-09 21:21:09 [wysh.selenium.testcase.TestLoginExcel] - [ main:34339 ] - [ ERROR ] username is :user3
2019-03-09 21:21:09 [wysh.selenium.testcase.TestLoginExcel] - [ main:34339 ] - [ ERROR ] password is :Cc1234
2019-03-09 21:21:21 [wysh.selenium.testcase.TestLoginExcel] - [ main:46968 ] - [ ERROR ] username is :user4
2019-03-09 21:21:21 [wysh.selenium.testcase.TestLoginExcel] - [ main:46968 ] - [ ERROR ] password is :Dd1234
2019-03-09 21:21:34 [wysh.selenium.testcase.TestLoginExcel] - [ main:59210 ] - [ ERROR ] username is :user5
2019-03-09 21:21:34 [wysh.selenium.testcase.TestLoginExcel] - [ main:59211 ] - [ ERROR ] password is :Ee1234
2019-03-09 21:21:47 [wysh.selenium.testcase.TestLoginExcel] - [ main:72255 ] - [ ERROR ] username is :user6
2019-03-09 21:21:47 [wysh.selenium.testcase.TestLoginExcel] - [ main:72255 ] - [ ERROR ] password is :Ff1234
2019-03-09 21:22:00 [wysh.selenium.testcase.TestLoginExcel] - [ main:85599 ] - [ ERROR ] username is :user7
2019-03-09 21:22:00 [wysh.selenium.testcase.TestLoginExcel] - [ main:85601 ] - [ ERROR ] password is :Gg1234
